#
# There is insufficient memory for the Java Runtime Environment to continue.
# Native memory allocation (malloc) failed to allocate 2287856 bytes for Chunk::new
# Possible reasons:
#   The system is out of physical RAM or swap space
#   The process is running with CompressedOops enabled, and the Java Heap may be blocking the growth of the native heap
# Possible solutions:
#   Reduce memory load on the system
#   Increase physical memory or swap space
#   Check if swap backing store is full
#   Decrease Java heap size (-Xmx/-Xms)
#   Decrease number of Java threads
#   Decrease Java thread stack sizes (-Xss)
#   Set larger code cache with -XX:ReservedCodeCacheSize=
#   JVM is running with Unscaled Compressed Oops mode in which the Java heap is
#     placed in the first 4GB address space. The Java Heap base address is the
#     maximum limit for the native heap growth. Please use -XX:HeapBaseMinAddress
#     to set the Java Heap base and to place the Java Heap above 4GB virtual address.
# This output file may be truncated or incomplete.
#
#  Out of Memory Error (arena.cpp:189), pid=26804, tid=16924
#
# JRE version: OpenJDK Runtime Environment Temurin-17.0.3+7 (17.0.3+7) (build 17.0.3+7)
# Java VM: OpenJDK 64-Bit Server VM Temurin-17.0.3+7 (17.0.3+7, mixed mode, tiered, compressed oops, compressed class ptrs, parallel gc, windows-amd64)
# No core dump will be written. Minidumps are not enabled by default on client versions of Windows
#

---------------  S U M M A R Y ------------

Command Line: --add-modules=ALL-SYSTEM --add-opens=java.base/java.util=ALL-UNNAMED --add-opens=java.base/java.lang=ALL-UNNAMED --add-opens=java.base/sun.nio.fs=ALL-UNNAMED -Declipse.application=org.eclipse.jdt.ls.core.id1 -Dosgi.bundles.defaultStartLevel=4 -Declipse.product=org.eclipse.jdt.ls.core.product -Djava.import.generatesMetadataFilesAtProjectRoot=false -Dfile.encoding=utf8 -DwatchParentProcess=false -XX:+UseParallelGC -XX:GCTimeRatio=4 -XX:AdaptiveSizePolicyWeight=90 -Dsun.zip.disableMemoryMapping=true -Xmx1G -Xms100m -XX:+HeapDumpOnOutOfMemoryError -XX:HeapDumpPath=c:\Users\nmoso\AppData\Roaming\Code\User\workspaceStorage\9490f6eaa69746b314a24bcabdaee6e5\redhat.java c:\Users\nmoso\.vscode\extensions\redhat.java-1.7.0-win32-x64\server\plugins\org.eclipse.equinox.launcher_1.6.400.v20210924-0641.jar -configuration c:\Users\nmoso\AppData\Roaming\Code\User\globalStorage\redhat.java\1.7.0\config_win -data c:\Users\nmoso\AppData\Roaming\Code\User\workspaceStorage\9490f6eaa69746b314a24bcabdaee6e5\redhat.java\jdt_ws

Host: Intel(R) Core(TM) i7-8565U CPU @ 1.80GHz, 8 cores, 15G,  Windows 10 , 64 bit Build 19041 (10.0.19041.1706)
Time: Mon Jun  6 07:19:08 2022 South Africa Standard Time elapsed time: 3500.276188 seconds (0d 0h 58m 20s)

---------------  T H R E A D  ---------------

Current thread (0x000002647f958f50):  JavaThread "C2 CompilerThread0" daemon [_thread_in_native, id=16924, stack(0x000000f11d100000,0x000000f11d200000)]


Current CompileTask:
C2:3500276 11305   !   4       org.eclipse.jdt.internal.compiler.lookup.BinaryTypeBinding::superInterfaces (279 bytes)

Stack: [0x000000f11d100000,0x000000f11d200000]
Native frames: (J=compiled Java code, j=interpreted, Vv=VM code, C=native code)
V  [jvm.dll+0x675efa]
V  [jvm.dll+0x830a24]
V  [jvm.dll+0x8321ce]
V  [jvm.dll+0x832833]
V  [jvm.dll+0x2454b5]
V  [jvm.dll+0xabd7b]
V  [jvm.dll+0xac30c]
V  [jvm.dll+0x3635d2]
V  [jvm.dll+0x32dca1]
V  [jvm.dll+0x32d14a]
V  [jvm.dll+0x218361]
V  [jvm.dll+0x217781]
V  [jvm.dll+0x1a3ccd]
V  [jvm.dll+0x227178]
V  [jvm.dll+0x2252bc]
V  [jvm.dll+0x7e673b]
V  [jvm.dll+0x7e0cfa]
V  [jvm.dll+0x674d85]
C  [ucrtbase.dll+0x21bb2]
C  [KERNEL32.DLL+0x17034]
C  [ntdll.dll+0x52651]


---------------  P R O C E S S  ---------------

Threads class SMR info:
_java_thread_list=0x000002641182f230, length=28, elements={
0x0000026478f96660, 0x000002647f925500, 0x000002647f9265f0, 0x000002647f952010,
0x000002647f954d90, 0x000002647f9578c0, 0x000002647f958270, 0x000002647f958f50,
0x000002647f9b84f0, 0x000002647f9b9300, 0x000002647faa9860, 0x000002647fb80460,
0x000002640fe41ff0, 0x000002640ffdec30, 0x000002640fffa680, 0x000002640feb09d0,
0x00000264100869a0, 0x000002640fdd6080, 0x000002640fdd6550, 0x000002640fdd56e0,
0x00000264143e51e0, 0x000002640fdd3ed0, 0x00000264143e6520, 0x00000264143e7d30,
0x00000264143e7860, 0x00000264143e86d0, 0x00000264168bc040, 0x00000264168bedd0
}

Java Threads: ( => current thread )
  0x0000026478f96660 JavaThread "main" [_thread_blocked, id=18776, stack(0x000000f11c800000,0x000000f11c900000)]
  0x000002647f925500 JavaThread "Reference Handler" daemon [_thread_blocked, id=13552, stack(0x000000f11cb00000,0x000000f11cc00000)]
  0x000002647f9265f0 JavaThread "Finalizer" daemon [_thread_blocked, id=18224, stack(0x000000f11cc00000,0x000000f11cd00000)]
  0x000002647f952010 JavaThread "Signal Dispatcher" daemon [_thread_blocked, id=29544, stack(0x000000f11cd00000,0x000000f11ce00000)]
  0x000002647f954d90 JavaThread "Attach Listener" daemon [_thread_blocked, id=2020, stack(0x000000f11ce00000,0x000000f11cf00000)]
  0x000002647f9578c0 JavaThread "Service Thread" daemon [_thread_blocked, id=23316, stack(0x000000f11cf00000,0x000000f11d000000)]
  0x000002647f958270 JavaThread "Monitor Deflation Thread" daemon [_thread_blocked, id=20028, stack(0x000000f11d000000,0x000000f11d100000)]
=>0x000002647f958f50 JavaThread "C2 CompilerThread0" daemon [_thread_in_native, id=16924, stack(0x000000f11d100000,0x000000f11d200000)]
  0x000002647f9b84f0 JavaThread "C1 CompilerThread0" daemon [_thread_blocked, id=29588, stack(0x000000f11d200000,0x000000f11d300000)]
  0x000002647f9b9300 JavaThread "Sweeper thread" daemon [_thread_in_vm, id=27164, stack(0x000000f11d300000,0x000000f11d400000)]
  0x000002647faa9860 JavaThread "Common-Cleaner" daemon [_thread_blocked, id=22280, stack(0x000000f11d400000,0x000000f11d500000)]
  0x000002647fb80460 JavaThread "Notification Thread" daemon [_thread_blocked, id=22456, stack(0x000000f11d500000,0x000000f11d600000)]
  0x000002640fe41ff0 JavaThread "Active Thread: Equinox Container: 64535c47-be73-4b34-87d6-c5dc253e0538" [_thread_blocked, id=16396, stack(0x000000f11d800000,0x000000f11d900000)]
  0x000002640ffdec30 JavaThread "Framework Event Dispatcher: Equinox Container: 64535c47-be73-4b34-87d6-c5dc253e0538" daemon [_thread_blocked, id=1992, stack(0x000000f11d900000,0x000000f11da00000)]
  0x000002640fffa680 JavaThread "Start Level: Equinox Container: 64535c47-be73-4b34-87d6-c5dc253e0538" daemon [_thread_blocked, id=15220, stack(0x000000f11da00000,0x000000f11db00000)]
  0x000002640feb09d0 JavaThread "SCR Component Actor" daemon [_thread_blocked, id=14120, stack(0x000000f11e100000,0x000000f11e200000)]
  0x00000264100869a0 JavaThread "Worker-JM" [_thread_blocked, id=29660, stack(0x000000f11e300000,0x000000f11e400000)]
  0x000002640fdd6080 JavaThread "Bundle File Closer" daemon [_thread_blocked, id=27684, stack(0x000000f11e800000,0x000000f11e900000)]
  0x000002640fdd6550 JavaThread "Java indexing" daemon [_thread_blocked, id=12320, stack(0x000000f11e400000,0x000000f11e500000)]
  0x000002640fdd56e0 JavaThread "pool-1-thread-1" [_thread_in_native, id=27260, stack(0x000000f11ec00000,0x000000f11ed00000)]
  0x00000264143e51e0 JavaThread "Worker-5" [_thread_blocked, id=13784, stack(0x000000f11eb00000,0x000000f11ec00000)]
  0x000002640fdd3ed0 JavaThread "Worker-6" [_thread_blocked, id=10392, stack(0x000000f11c500000,0x000000f11c600000)]
  0x00000264143e6520 JavaThread "ForkJoinPool.commonPool-worker-18" daemon [_thread_in_Java, id=19308, stack(0x000000f11c600000,0x000000f11c700000)]
  0x00000264143e7d30 JavaThread "ForkJoinPool.commonPool-worker-19" daemon [_thread_blocked, id=14032, stack(0x000000f11c700000,0x000000f11c800000)]
  0x00000264143e7860 JavaThread "ForkJoinPool.commonPool-worker-20" daemon [_thread_blocked, id=13780, stack(0x000000f11d700000,0x000000f11d800000)]
  0x00000264143e86d0 JavaThread "ForkJoinPool.commonPool-worker-21" daemon [_thread_blocked, id=14276, stack(0x000000f11e200000,0x000000f11e300000)]
  0x00000264168bc040 JavaThread "C2 CompilerThread1" daemon [_thread_in_native, id=14392, stack(0x000000f11e500000,0x000000f11e600000)]
  0x00000264168bedd0 JavaThread "C2 CompilerThread2" daemon [_thread_in_native, id=21404, stack(0x000000f11e700000,0x000000f11e800000)]

Other Threads:
  0x000002647dcaa0f0 VMThread "VM Thread" [stack: 0x000000f11ca00000,0x000000f11cb00000] [id=29600]
  0x000002647fbb3cd0 WatcherThread [stack: 0x000000f11d600000,0x000000f11d700000] [id=21540]
  0x0000026478fa92c0 GCTaskThread "GC Thread#0" [stack: 0x000000f11c900000,0x000000f11ca00000] [id=17540]
  0x0000026410129010 GCTaskThread "GC Thread#1" [stack: 0x000000f11db00000,0x000000f11dc00000] [id=16356]
  0x0000026476dc6980 GCTaskThread "GC Thread#2" [stack: 0x000000f11dc00000,0x000000f11dd00000] [id=29248]
  0x000002640fd78ae0 GCTaskThread "GC Thread#3" [stack: 0x000000f11dd00000,0x000000f11de00000] [id=24408]
  0x000002640fe9d570 GCTaskThread "GC Thread#4" [stack: 0x000000f11de00000,0x000000f11df00000] [id=1472]
  0x000002640fe9d820 GCTaskThread "GC Thread#5" [stack: 0x000000f11df00000,0x000000f11e000000] [id=18008]
  0x000002640fe9dad0 GCTaskThread "GC Thread#6" [stack: 0x000000f11e000000,0x000000f11e100000] [id=2140]
  0x000002641149df70 GCTaskThread "GC Thread#7" [stack: 0x000000f11e600000,0x000000f11e700000] [id=15612]

Threads with active compile tasks:
C2 CompilerThread0  3500338 11305   !   4       org.eclipse.jdt.internal.compiler.lookup.BinaryTypeBinding::superInterfaces (279 bytes)
C2 CompilerThread1  3500338 11307   !   4       org.eclipse.jdt.internal.compiler.lookup.BinaryTypeBinding::superclass (207 bytes)
C2 CompilerThread2  3500338 11405       4       org.eclipse.jdt.internal.compiler.lookup.BinaryTypeBinding::createTypeVariables (359 bytes)

VM state: not at safepoint (normal execution)

VM Mutex/Monitor currently owned by a thread: None

Heap address: 0x00000000c0000000, size: 1024 MB, Compressed Oops mode: 32-bit

CDS archive(s) not mapped
Compressed class space mapped at: 0x0000000100000000-0x0000000140000000, reserved size: 1073741824
Narrow klass base: 0x0000000000000000, Narrow klass shift: 3, Narrow klass range: 0x140000000

GC Precious Log:
 CPUs: 8 total, 8 available
 Memory: 16254M
 Large Page Support: Disabled
 NUMA Support: Disabled
 Compressed Oops: Enabled (32-bit)
 Alignments: Space 512K, Generation 512K, Heap 2M
 Heap Min Capacity: 100M
 Heap Initial Capacity: 100M
 Heap Max Capacity: 1G
 Pre-touch: Disabled
 Parallel Workers: 8

Heap:
 PSYoungGen      total 4096K, used 1713K [0x00000000eab00000, 0x00000000eb100000, 0x0000000100000000)
  eden space 3072K, 27% used [0x00000000eab00000,0x00000000eabd6988,0x00000000eae00000)
  from space 1024K, 83% used [0x00000000eb000000,0x00000000eb0d5dd0,0x00000000eb100000)
  to   space 1536K, 0% used [0x00000000eae00000,0x00000000eae00000,0x00000000eaf80000)
 ParOldGen       total 68608K, used 62204K [0x00000000c0000000, 0x00000000c4300000, 0x00000000eab00000)
  object space 68608K, 90% used [0x00000000c0000000,0x00000000c3cbf1e0,0x00000000c4300000)
 Metaspace       used 64636K, committed 65408K, reserved 1114112K
  class space    used 6426K, committed 6784K, reserved 1048576K

Card table byte_map: [0x0000026478940000,0x0000026478b50000] _byte_map_base: 0x0000026478340000

Marking Bits: (ParMarkBitMap*) 0x00007ffdd9924b80
 Begin Bits: [0x000002647bc10000, 0x000002647cc10000)
 End Bits:   [0x000002647cc10000, 0x000002647dc10000)

Polling page: 0x0000026476ee0000

Metaspace:

Usage:
  Non-class:     56.85 MB used.
      Class:      6.28 MB used.
       Both:     63.12 MB used.

Virtual space:
  Non-class space:       64.00 MB reserved,      57.25 MB ( 89%) committed,  8 nodes.
      Class space:        1.00 GB reserved,       6.62 MB ( <1%) committed,  1 nodes.
             Both:        1.06 GB reserved,      63.88 MB (  6%) committed. 

Chunk freelists:
   Non-Class:  2.64 MB
       Class:  1.21 MB
        Both:  3.85 MB

MaxMetaspaceSize: unlimited
CompressedClassSpaceSize: 1.00 GB
Initial GC threshold: 21.00 MB
Current GC threshold: 98.75 MB
CDS: off
MetaspaceReclaimPolicy: balanced
 - commit_granule_bytes: 65536.
 - commit_granule_words: 8192.
 - virtual_space_node_default_size: 1048576.
 - enlarge_chunks_in_place: 1.
 - new_chunks_are_fully_committed: 0.
 - uncommit_free_chunks: 1.
 - use_allocation_guard: 0.
 - handle_deallocations: 1.


Internal statistics:

num_allocs_failed_limit: 15.
num_arena_births: 468.
num_arena_deaths: 2.
num_vsnodes_births: 9.
num_vsnodes_deaths: 0.
num_space_committed: 1022.
num_space_uncommitted: 0.
num_chunks_returned_to_freelist: 18.
num_chunks_taken_from_freelist: 2822.
num_chunk_merges: 15.
num_chunk_splits: 1908.
num_chunks_enlarged: 1295.
num_purges: 2.
num_inconsistent_stats: 0.

CodeHeap 'non-profiled nmethods': size=120000Kb used=7624Kb max_used=7624Kb free=112375Kb
 bounds [0x0000026407ad0000, 0x0000026408250000, 0x000002640f000000]
CodeHeap 'profiled nmethods': size=120000Kb used=20813Kb max_used=20813Kb free=99186Kb
 bounds [0x00000264005a0000, 0x0000026401a00000, 0x0000026407ad0000]
CodeHeap 'non-nmethods': size=5760Kb used=1351Kb max_used=1467Kb free=4408Kb
 bounds [0x0000026400000000, 0x0000026400270000, 0x00000264005a0000]
 total_blobs=10210 nmethods=9520 adapters=603
 compilation: enabled
              stopped_count=0, restarted_count=0
 full_count=0

Compilation events (20 events):
Event: 3500.165 Thread 0x000002647f9b84f0 11434       2       org.eclipse.jdt.internal.compiler.flow.FlowContext::checkUnboxing (76 bytes)
Event: 3500.165 Thread 0x000002647f9b84f0 nmethod 11434 0x00000264019e2510 code [0x00000264019e2700, 0x00000264019e29f8]
Event: 3500.167 Thread 0x000002647f9b84f0 11435       2       org.eclipse.jdt.internal.compiler.ast.UnlikelyArgumentCheck::isDangerous (131 bytes)
Event: 3500.168 Thread 0x000002647f9b84f0 nmethod 11435 0x00000264019e2b90 code [0x00000264019e2de0, 0x00000264019e33e8]
Event: 3500.173 Thread 0x000002647f9b84f0 11436       2       org.eclipse.jdt.internal.compiler.ast.SubRoutineStatement::reenterAllExceptionHandlers (44 bytes)
Event: 3500.174 Thread 0x000002647f9b84f0 nmethod 11436 0x00000264019e3810 code [0x00000264019e39c0, 0x00000264019e3c38]
Event: 3500.179 Thread 0x000002647f9b84f0 11439       2       org.eclipse.jdt.internal.compiler.ast.Annotation::isRuntimeTypeVisible (66 bytes)
Event: 3500.180 Thread 0x000002647f9b84f0 nmethod 11439 0x00000264019e3e10 code [0x00000264019e3fc0, 0x00000264019e4228]
Event: 3500.181 Thread 0x000002647f9b84f0 11440       2       org.eclipse.jdt.internal.compiler.codegen.CodeStream::checkcast (8 bytes)
Event: 3500.181 Thread 0x000002647f9b84f0 nmethod 11440 0x00000264019e4310 code [0x00000264019e44a0, 0x00000264019e45e8]
Event: 3500.182 Thread 0x000002647f9b84f0 11441       2       org.eclipse.jdt.internal.compiler.ast.IfStatement::generateCode (498 bytes)
Event: 3500.184 Thread 0x000002647f9b84f0 nmethod 11441 0x00000264019e4690 code [0x00000264019e4a00, 0x00000264019e5738]
Event: 3500.185 Thread 0x000002647f9b84f0 11442       2       org.eclipse.jdt.internal.compiler.lookup.AnnotatableTypeSystem::getRawType (217 bytes)
Event: 3500.188 Thread 0x000002647f9b84f0 nmethod 11442 0x00000264019e5d10 code [0x00000264019e5fa0, 0x00000264019e67d8]
Event: 3500.198 Thread 0x000002647f9b84f0 11443       2       org.eclipse.jdt.internal.compiler.codegen.CodeStream::initializeMaxLocals (178 bytes)
Event: 3500.199 Thread 0x000002647f9b84f0 nmethod 11443 0x00000264019e6d10 code [0x00000264019e6ee0, 0x00000264019e7298]
Event: 3500.203 Thread 0x000002647f9b84f0 11444       2       org.eclipse.jdt.internal.compiler.codegen.CodeStream::generateUnboxingConversion (250 bytes)
Event: 3500.204 Thread 0x000002647f9b84f0 nmethod 11444 0x00000264019e7490 code [0x00000264019e7740, 0x00000264019e7db8]
Event: 3500.247 Thread 0x000002647f9b84f0 11445       2       org.eclipse.jdt.internal.compiler.ast.EqualExpression::generateOptimizedBoolean (120 bytes)
Event: 3500.247 Thread 0x000002647f9b84f0 nmethod 11445 0x00000264019e8110 code [0x00000264019e8300, 0x00000264019e8588]

GC Heap History (20 events):
Event: 2851.074 GC heap before
{Heap before GC invocations=149 (full 5):
 PSYoungGen      total 6144K, used 5856K [0x00000000eab00000, 0x00000000eb280000, 0x0000000100000000)
  eden space 5632K, 100% used [0x00000000eab00000,0x00000000eb080000,0x00000000eb080000)
  from space 512K, 43% used [0x00000000eb100000,0x00000000eb138000,0x00000000eb180000)
  to   space 512K, 0% used [0x00000000eb200000,0x00000000eb200000,0x00000000eb280000)
 ParOldGen       total 68608K, used 54206K [0x00000000c0000000, 0x00000000c4300000, 0x00000000eab00000)
  object space 68608K, 79% used [0x00000000c0000000,0x00000000c34ef900,0x00000000c4300000)
 Metaspace       used 64095K, committed 64896K, reserved 1114112K
  class space    used 6426K, committed 6784K, reserved 1048576K
}
Event: 2851.076 GC heap after
{Heap after GC invocations=149 (full 5):
 PSYoungGen      total 6144K, used 512K [0x00000000eab00000, 0x00000000eb280000, 0x0000000100000000)
  eden space 5632K, 0% used [0x00000000eab00000,0x00000000eab00000,0x00000000eb080000)
  from space 512K, 100% used [0x00000000eb200000,0x00000000eb280000,0x00000000eb280000)
  to   space 1024K, 0% used [0x00000000eb080000,0x00000000eb080000,0x00000000eb180000)
 ParOldGen       total 68608K, used 54410K [0x00000000c0000000, 0x00000000c4300000, 0x00000000eab00000)
  object space 68608K, 79% used [0x00000000c0000000,0x00000000c3522b20,0x00000000c4300000)
 Metaspace       used 64095K, committed 64896K, reserved 1114112K
  class space    used 6426K, committed 6784K, reserved 1048576K
}
Event: 2851.170 GC heap before
{Heap before GC invocations=150 (full 5):
 PSYoungGen      total 6144K, used 6143K [0x00000000eab00000, 0x00000000eb280000, 0x0000000100000000)
  eden space 5632K, 99% used [0x00000000eab00000,0x00000000eb07ffe8,0x00000000eb080000)
  from space 512K, 100% used [0x00000000eb200000,0x00000000eb280000,0x00000000eb280000)
  to   space 1024K, 0% used [0x00000000eb080000,0x00000000eb080000,0x00000000eb180000)
 ParOldGen       total 68608K, used 54410K [0x00000000c0000000, 0x00000000c4300000, 0x00000000eab00000)
  object space 68608K, 79% used [0x00000000c0000000,0x00000000c3522b20,0x00000000c4300000)
 Metaspace       used 64131K, committed 64896K, reserved 1114112K
  class space    used 6426K, committed 6784K, reserved 1048576K
}
Event: 2851.173 GC heap after
{Heap after GC invocations=150 (full 5):
 PSYoungGen      total 6656K, used 478K [0x00000000eab00000, 0x00000000eb280000, 0x0000000100000000)
  eden space 5632K, 0% used [0x00000000eab00000,0x00000000eab00000,0x00000000eb080000)
  from space 1024K, 46% used [0x00000000eb080000,0x00000000eb0f7920,0x00000000eb180000)
  to   space 1024K, 0% used [0x00000000eb180000,0x00000000eb180000,0x00000000eb280000)
 ParOldGen       total 68608K, used 54958K [0x00000000c0000000, 0x00000000c4300000, 0x00000000eab00000)
  object space 68608K, 80% used [0x00000000c0000000,0x00000000c35abb30,0x00000000c4300000)
 Metaspace       used 64131K, committed 64896K, reserved 1114112K
  class space    used 6426K, committed 6784K, reserved 1048576K
}
Event: 2851.296 GC heap before
{Heap before GC invocations=151 (full 5):
 PSYoungGen      total 6656K, used 6110K [0x00000000eab00000, 0x00000000eb280000, 0x0000000100000000)
  eden space 5632K, 99% used [0x00000000eab00000,0x00000000eb07ffc0,0x00000000eb080000)
  from space 1024K, 46% used [0x00000000eb080000,0x00000000eb0f7920,0x00000000eb180000)
  to   space 1024K, 0% used [0x00000000eb180000,0x00000000eb180000,0x00000000eb280000)
 ParOldGen       total 68608K, used 54958K [0x00000000c0000000, 0x00000000c4300000, 0x00000000eab00000)
  object space 68608K, 80% used [0x00000000c0000000,0x00000000c35abb30,0x00000000c4300000)
 Metaspace       used 64297K, committed 65088K, reserved 1114112K
  class space    used 6426K, committed 6784K, reserved 1048576K
}
Event: 2851.307 GC heap after
{Heap after GC invocations=151 (full 5):
 PSYoungGen      total 4096K, used 1016K [0x00000000eab00000, 0x00000000eb780000, 0x0000000100000000)
  eden space 3072K, 0% used [0x00000000eab00000,0x00000000eab00000,0x00000000eae00000)
  from space 1024K, 99% used [0x00000000eb180000,0x00000000eb27e230,0x00000000eb280000)
  to   space 3584K, 0% used [0x00000000eae00000,0x00000000eae00000,0x00000000eb180000)
 ParOldGen       total 68608K, used 56770K [0x00000000c0000000, 0x00000000c4300000, 0x00000000eab00000)
  object space 68608K, 82% used [0x00000000c0000000,0x00000000c3770910,0x00000000c4300000)
 Metaspace       used 64297K, committed 65088K, reserved 1114112K
  class space    used 6426K, committed 6784K, reserved 1048576K
}
Event: 2851.364 GC heap before
{Heap before GC invocations=152 (full 5):
 PSYoungGen      total 4096K, used 4088K [0x00000000eab00000, 0x00000000eb780000, 0x0000000100000000)
  eden space 3072K, 100% used [0x00000000eab00000,0x00000000eae00000,0x00000000eae00000)
  from space 1024K, 99% used [0x00000000eb180000,0x00000000eb27e230,0x00000000eb280000)
  to   space 3584K, 0% used [0x00000000eae00000,0x00000000eae00000,0x00000000eb180000)
 ParOldGen       total 68608K, used 56770K [0x00000000c0000000, 0x00000000c4300000, 0x00000000eab00000)
  object space 68608K, 82% used [0x00000000c0000000,0x00000000c3770910,0x00000000c4300000)
 Metaspace       used 64347K, committed 65152K, reserved 1114112K
  class space    used 6426K, committed 6784K, reserved 1048576K
}
Event: 2851.368 GC heap after
{Heap after GC invocations=152 (full 5):
 PSYoungGen      total 3584K, used 494K [0x00000000eab00000, 0x00000000eb200000, 0x0000000100000000)
  eden space 3072K, 0% used [0x00000000eab00000,0x00000000eab00000,0x00000000eae00000)
  from space 512K, 96% used [0x00000000eae00000,0x00000000eae7b910,0x00000000eae80000)
  to   space 1536K, 0% used [0x00000000eb080000,0x00000000eb080000,0x00000000eb200000)
 ParOldGen       total 68608K, used 57234K [0x00000000c0000000, 0x00000000c4300000, 0x00000000eab00000)
  object space 68608K, 83% used [0x00000000c0000000,0x00000000c37e4920,0x00000000c4300000)
 Metaspace       used 64347K, committed 65152K, reserved 1114112K
  class space    used 6426K, committed 6784K, reserved 1048576K
}
Event: 2851.442 GC heap before
{Heap before GC invocations=153 (full 5):
 PSYoungGen      total 3584K, used 3566K [0x00000000eab00000, 0x00000000eb200000, 0x0000000100000000)
  eden space 3072K, 100% used [0x00000000eab00000,0x00000000eae00000,0x00000000eae00000)
  from space 512K, 96% used [0x00000000eae00000,0x00000000eae7b910,0x00000000eae80000)
  to   space 1536K, 0% used [0x00000000eb080000,0x00000000eb080000,0x00000000eb200000)
 ParOldGen       total 68608K, used 57234K [0x00000000c0000000, 0x00000000c4300000, 0x00000000eab00000)
  object space 68608K, 83% used [0x00000000c0000000,0x00000000c37e4920,0x00000000c4300000)
 Metaspace       used 64438K, committed 65216K, reserved 1114112K
  class space    used 6426K, committed 6784K, reserved 1048576K
}
Event: 2851.443 GC heap after
{Heap after GC invocations=153 (full 5):
 PSYoungGen      total 3584K, used 128K [0x00000000eab00000, 0x00000000eb100000, 0x0000000100000000)
  eden space 3072K, 0% used [0x00000000eab00000,0x00000000eab00000,0x00000000eae00000)
  from space 512K, 25% used [0x00000000eb080000,0x00000000eb0a0000,0x00000000eb100000)
  to   space 512K, 0% used [0x00000000eae00000,0x00000000eae00000,0x00000000eae80000)
 ParOldGen       total 68608K, used 57266K [0x00000000c0000000, 0x00000000c4300000, 0x00000000eab00000)
  object space 68608K, 83% used [0x00000000c0000000,0x00000000c37ec920,0x00000000c4300000)
 Metaspace       used 64438K, committed 65216K, reserved 1114112K
  class space    used 6426K, committed 6784K, reserved 1048576K
}
Event: 2851.482 GC heap before
{Heap before GC invocations=154 (full 5):
 PSYoungGen      total 3584K, used 3200K [0x00000000eab00000, 0x00000000eb100000, 0x0000000100000000)
  eden space 3072K, 100% used [0x00000000eab00000,0x00000000eae00000,0x00000000eae00000)
  from space 512K, 25% used [0x00000000eb080000,0x00000000eb0a0000,0x00000000eb100000)
  to   space 512K, 0% used [0x00000000eae00000,0x00000000eae00000,0x00000000eae80000)
 ParOldGen       total 68608K, used 57266K [0x00000000c0000000, 0x00000000c4300000, 0x00000000eab00000)
  object space 68608K, 83% used [0x00000000c0000000,0x00000000c37ec920,0x00000000c4300000)
 Metaspace       used 64438K, committed 65216K, reserved 1114112K
  class space    used 6426K, committed 6784K, reserved 1048576K
}
Event: 2851.485 GC heap after
{Heap after GC invocations=154 (full 5):
 PSYoungGen      total 3584K, used 512K [0x00000000eab00000, 0x00000000eb100000, 0x0000000100000000)
  eden space 3072K, 0% used [0x00000000eab00000,0x00000000eab00000,0x00000000eae00000)
  from space 512K, 100% used [0x00000000eae00000,0x00000000eae80000,0x00000000eae80000)
  to   space 1536K, 0% used [0x00000000eaf80000,0x00000000eaf80000,0x00000000eb100000)
 ParOldGen       total 68608K, used 57691K [0x00000000c0000000, 0x00000000c4300000, 0x00000000eab00000)
  object space 68608K, 84% used [0x00000000c0000000,0x00000000c3856d60,0x00000000c4300000)
 Metaspace       used 64438K, committed 65216K, reserved 1114112K
  class space    used 6426K, committed 6784K, reserved 1048576K
}
Event: 2854.421 GC heap before
{Heap before GC invocations=155 (full 5):
 PSYoungGen      total 3584K, used 3584K [0x00000000eab00000, 0x00000000eb100000, 0x0000000100000000)
  eden space 3072K, 100% used [0x00000000eab00000,0x00000000eae00000,0x00000000eae00000)
  from space 512K, 100% used [0x00000000eae00000,0x00000000eae80000,0x00000000eae80000)
  to   space 1536K, 0% used [0x00000000eaf80000,0x00000000eaf80000,0x00000000eb100000)
 ParOldGen       total 68608K, used 57691K [0x00000000c0000000, 0x00000000c4300000, 0x00000000eab00000)
  object space 68608K, 84% used [0x00000000c0000000,0x00000000c3856d60,0x00000000c4300000)
 Metaspace       used 64448K, committed 65216K, reserved 1114112K
  class space    used 6426K, committed 6784K, reserved 1048576K
}
Event: 2854.424 GC heap after
{Heap after GC invocations=155 (full 5):
 PSYoungGen      total 3584K, used 320K [0x00000000eab00000, 0x00000000eb000000, 0x0000000100000000)
  eden space 3072K, 0% used [0x00000000eab00000,0x00000000eab00000,0x00000000eae00000)
  from space 512K, 62% used [0x00000000eaf80000,0x00000000eafd0000,0x00000000eb000000)
  to   space 1024K, 0% used [0x00000000eae00000,0x00000000eae00000,0x00000000eaf00000)
 ParOldGen       total 68608K, used 58235K [0x00000000c0000000, 0x00000000c4300000, 0x00000000eab00000)
  object space 68608K, 84% used [0x00000000c0000000,0x00000000c38ded60,0x00000000c4300000)
 Metaspace       used 64448K, committed 65216K, reserved 1114112K
  class space    used 6426K, committed 6784K, reserved 1048576K
}
Event: 3499.755 GC heap before
{Heap before GC invocations=156 (full 5):
 PSYoungGen      total 3584K, used 3392K [0x00000000eab00000, 0x00000000eb000000, 0x0000000100000000)
  eden space 3072K, 100% used [0x00000000eab00000,0x00000000eae00000,0x00000000eae00000)
  from space 512K, 62% used [0x00000000eaf80000,0x00000000eafd0000,0x00000000eb000000)
  to   space 1024K, 0% used [0x00000000eae00000,0x00000000eae00000,0x00000000eaf00000)
 ParOldGen       total 68608K, used 58235K [0x00000000c0000000, 0x00000000c4300000, 0x00000000eab00000)
  object space 68608K, 84% used [0x00000000c0000000,0x00000000c38ded60,0x00000000c4300000)
 Metaspace       used 64451K, committed 65216K, reserved 1114112K
  class space    used 6426K, committed 6784K, reserved 1048576K
}
Event: 3499.763 GC heap after
{Heap after GC invocations=156 (full 5):
 PSYoungGen      total 4096K, used 1008K [0x00000000eab00000, 0x00000000eb200000, 0x0000000100000000)
  eden space 3072K, 0% used [0x00000000eab00000,0x00000000eab00000,0x00000000eae00000)
  from space 1024K, 98% used [0x00000000eae00000,0x00000000eaefc250,0x00000000eaf00000)
  to   space 2048K, 0% used [0x00000000eb000000,0x00000000eb000000,0x00000000eb200000)
 ParOldGen       total 68608K, used 58611K [0x00000000c0000000, 0x00000000c4300000, 0x00000000eab00000)
  object space 68608K, 85% used [0x00000000c0000000,0x00000000c393cd60,0x00000000c4300000)
 Metaspace       used 64451K, committed 65216K, reserved 1114112K
  class space    used 6426K, committed 6784K, reserved 1048576K
}
Event: 3500.009 GC heap before
{Heap before GC invocations=157 (full 5):
 PSYoungGen      total 4096K, used 4080K [0x00000000eab00000, 0x00000000eb200000, 0x0000000100000000)
  eden space 3072K, 100% used [0x00000000eab00000,0x00000000eae00000,0x00000000eae00000)
  from space 1024K, 98% used [0x00000000eae00000,0x00000000eaefc250,0x00000000eaf00000)
  to   space 2048K, 0% used [0x00000000eb000000,0x00000000eb000000,0x00000000eb200000)
 ParOldGen       total 68608K, used 58611K [0x00000000c0000000, 0x00000000c4300000, 0x00000000eab00000)
  object space 68608K, 85% used [0x00000000c0000000,0x00000000c393cd60,0x00000000c4300000)
 Metaspace       used 64531K, committed 65280K, reserved 1114112K
  class space    used 6426K, committed 6784K, reserved 1048576K
}
Event: 3500.015 GC heap after
{Heap after GC invocations=157 (full 5):
 PSYoungGen      total 4608K, used 1262K [0x00000000eab00000, 0x00000000eb180000, 0x0000000100000000)
  eden space 3072K, 0% used [0x00000000eab00000,0x00000000eab00000,0x00000000eae00000)
  from space 1536K, 82% used [0x00000000eb000000,0x00000000eb13bba0,0x00000000eb180000)
  to   space 1536K, 0% used [0x00000000eae80000,0x00000000eae80000,0x00000000eb000000)
 ParOldGen       total 68608K, used 59672K [0x00000000c0000000, 0x00000000c4300000, 0x00000000eab00000)
  object space 68608K, 86% used [0x00000000c0000000,0x00000000c3a463f8,0x00000000c4300000)
 Metaspace       used 64531K, committed 65280K, reserved 1114112K
  class space    used 6426K, committed 6784K, reserved 1048576K
}
Event: 3500.137 GC heap before
{Heap before GC invocations=158 (full 5):
 PSYoungGen      total 4608K, used 4334K [0x00000000eab00000, 0x00000000eb180000, 0x0000000100000000)
  eden space 3072K, 100% used [0x00000000eab00000,0x00000000eae00000,0x00000000eae00000)
  from space 1536K, 82% used [0x00000000eb000000,0x00000000eb13bba0,0x00000000eb180000)
  to   space 1536K, 0% used [0x00000000eae80000,0x00000000eae80000,0x00000000eb000000)
 ParOldGen       total 68608K, used 59672K [0x00000000c0000000, 0x00000000c4300000, 0x00000000eab00000)
  object space 68608K, 86% used [0x00000000c0000000,0x00000000c3a463f8,0x00000000c4300000)
 Metaspace       used 64584K, committed 65344K, reserved 1114112K
  class space    used 6426K, committed 6784K, reserved 1048576K
}
Event: 3500.142 GC heap after
{Heap after GC invocations=158 (full 5):
 PSYoungGen      total 4608K, used 1504K [0x00000000eab00000, 0x00000000eb200000, 0x0000000100000000)
  eden space 3072K, 0% used [0x00000000eab00000,0x00000000eab00000,0x00000000eae00000)
  from space 1536K, 97% used [0x00000000eae80000,0x00000000eaff8010,0x00000000eb000000)
  to   space 2048K, 0% used [0x00000000eb000000,0x00000000eb000000,0x00000000eb200000)
 ParOldGen       total 68608K, used 60787K [0x00000000c0000000, 0x00000000c4300000, 0x00000000eab00000)
  object space 68608K, 88% used [0x00000000c0000000,0x00000000c3b5cfa8,0x00000000c4300000)
 Metaspace       used 64584K, committed 65344K, reserved 1114112K
  class space    used 6426K, committed 6784K, reserved 1048576K
}

Deoptimization events (20 events):
Event: 2851.187 Thread 0x000002640fdd3ed0 Uncommon trap: trap_request=0xffffffde fr.pc=0x0000026407e3fc94 relative=0x0000000000000dd4
Event: 2851.188 Thread 0x000002640fdd3ed0 Uncommon trap: reason=class_check action=maybe_recompile pc=0x0000026407e3fc94 method=org.eclipse.jdt.internal.compiler.parser.Parser.consumeRule(I)V @ 6854 c2
Event: 2851.188 Thread 0x000002640fdd3ed0 DEOPT PACKING pc=0x0000026407e3fc94 sp=0x000000f11c5fe570
Event: 2851.188 Thread 0x000002640fdd3ed0 DEOPT UNPACKING pc=0x00000264000520a3 sp=0x000000f11c5fe500 mode 2
Event: 2851.279 Thread 0x000002640fdd3ed0 DEOPT PACKING pc=0x0000026401816aff sp=0x000000f11c5fe580
Event: 2851.279 Thread 0x000002640fdd3ed0 DEOPT UNPACKING pc=0x0000026400052843 sp=0x000000f11c5fd9d8 mode 0
Event: 2853.989 Thread 0x00000264143e7d30 DEOPT PACKING pc=0x00000264013ac920 sp=0x000000f11c6fe7a0
Event: 2853.989 Thread 0x00000264143e7d30 DEOPT UNPACKING pc=0x0000026400052843 sp=0x000000f11c6fdc58 mode 0
Event: 2853.994 Thread 0x00000264143e7d30 Uncommon trap: trap_request=0xffffff45 fr.pc=0x00000264081da6f0 relative=0x00000000000020b0
Event: 2853.994 Thread 0x00000264143e7d30 Uncommon trap: reason=unstable_if action=reinterpret pc=0x00000264081da6f0 method=org.eclipse.jdt.internal.compiler.lookup.Scope.getTypeOrPackage([CIZ)Lorg/eclipse/jdt/internal/compiler/lookup/Binding; @ 128 c2
Event: 2853.994 Thread 0x00000264143e7d30 DEOPT PACKING pc=0x00000264081da6f0 sp=0x000000f11c6fe060
Event: 2853.994 Thread 0x00000264143e7d30 DEOPT UNPACKING pc=0x00000264000520a3 sp=0x000000f11c6fdfc8 mode 2
Event: 2853.995 Thread 0x00000264143e7d30 Uncommon trap: trap_request=0xffffff3d fr.pc=0x00000264080fee28 relative=0x0000000000000548
Event: 2853.995 Thread 0x00000264143e7d30 Uncommon trap: reason=unstable_fused_if action=reinterpret pc=0x00000264080fee28 method=org.eclipse.jdt.internal.codeassist.select.SelectionParser.consumeToken(I)V @ 20 c2
Event: 2853.995 Thread 0x00000264143e7d30 DEOPT PACKING pc=0x00000264080fee28 sp=0x000000f11c6fe6f0
Event: 2853.995 Thread 0x00000264143e7d30 DEOPT UNPACKING pc=0x00000264000520a3 sp=0x000000f11c6fe6a0 mode 2
Event: 2853.995 Thread 0x00000264143e7d30 Uncommon trap: trap_request=0xffffff3d fr.pc=0x00000264080fff2c relative=0x00000000000002ec
Event: 2853.995 Thread 0x00000264143e7d30 Uncommon trap: reason=unstable_fused_if action=reinterpret pc=0x00000264080fff2c method=org.eclipse.jdt.internal.codeassist.impl.AssistParser.consumeToken(I)V @ 84 c2
Event: 2853.995 Thread 0x00000264143e7d30 DEOPT PACKING pc=0x00000264080fff2c sp=0x000000f11c6fe670
Event: 2853.995 Thread 0x00000264143e7d30 DEOPT UNPACKING pc=0x00000264000520a3 sp=0x000000f11c6fe620 mode 2

Classes unloaded (1 events):
Event: 211.049 Thread 0x000002647dcaa0f0 Unloading class 0x00000001004b0800 'java/lang/invoke/LambdaForm$DMH+0x00000001004b0800'

Classes redefined (0 events):
No events

Internal exceptions (20 events):
Event: 251.826 Thread 0x000002640fdd6550 Exception <a 'sun/nio/fs/WindowsException'{0x00000000eacd6ba8}> (0x00000000eacd6ba8) 
thrown [e:\jenkins\tmp\workspace\build\src\src\hotspot\share\prims\jni.cpp, line 516]
Event: 251.911 Thread 0x000002640fdd6550 Exception <a 'sun/nio/fs/WindowsException'{0x00000000eabfd340}> (0x00000000eabfd340) 
thrown [e:\jenkins\tmp\workspace\build\src\src\hotspot\share\prims\jni.cpp, line 516]
Event: 1368.626 Thread 0x000002640fdd56e0 Exception <a 'java/io/FileNotFoundException'{0x00000000eaee9be8}> (0x00000000eaee9be8) 
thrown [e:\jenkins\tmp\workspace\build\src\src\hotspot\share\prims\jni.cpp, line 516]
Event: 1368.627 Thread 0x000002640fdd56e0 Exception <a 'java/io/FileNotFoundException'{0x00000000eaef5e50}> (0x00000000eaef5e50) 
thrown [e:\jenkins\tmp\workspace\build\src\src\hotspot\share\prims\jni.cpp, line 516]
Event: 1369.134 Thread 0x0000026411aa9870 Exception <a 'java/lang/NoSuchMethodError'{0x00000000eac70570}: 'java.lang.Object java.lang.invoke.DirectMethodHandle$Holder.newInvokeSpecial(java.lang.Object, java.lang.Object, java.lang.Object, int)'> (0x00000000eac70570) 
thrown [e:\jenkins\tmp\workspace\build\src\src\hotspot\share\interpreter\linkResolver.cpp, line 766]
Event: 1369.134 Thread 0x0000026411aa9870 Exception <a 'java/lang/NoSuchMethodError'{0x00000000eac74e08}: 'java.lang.Object java.lang.invoke.DirectMethodHandle$Holder.invokeSpecial(java.lang.Object, java.lang.Object, java.lang.Object, java.lang.Object, int)'> (0x00000000eac74e08) 
thrown [e:\jenkins\tmp\workspace\build\src\src\hotspot\share\interpreter\linkResolver.cpp, line 766]
Event: 1369.135 Thread 0x0000026411aa9870 Exception <a 'java/lang/NoSuchMethodError'{0x00000000eac78c20}: 'java.lang.Object java.lang.invoke.Invokers$Holder.linkToTargetMethod(java.lang.Object, java.lang.Object, int, java.lang.Object)'> (0x00000000eac78c20) 
thrown [e:\jenkins\tmp\workspace\build\src\src\hotspot\share\interpreter\linkResolver.cpp, line 766]
Event: 1369.152 Thread 0x0000026411aa9870 Exception <a 'java/lang/NoSuchMethodError'{0x00000000eacad310}: 'java.lang.Object java.lang.invoke.DirectMethodHandle$Holder.newInvokeSpecial(java.lang.Object, java.lang.Object, int, java.lang.Object, java.lang.Object)'> (0x00000000eacad310) 
thrown [e:\jenkins\tmp\workspace\build\src\src\hotspot\share\interpreter\linkResolver.cpp, line 766]
Event: 1369.152 Thread 0x0000026411aa9870 Exception <a 'java/lang/NoSuchMethodError'{0x00000000eacb1a00}: 'java.lang.Object java.lang.invoke.DirectMethodHandle$Holder.invokeSpecial(java.lang.Object, java.lang.Object, java.lang.Object, int, java.lang.Object, java.lang.Object)'> (0x00000000eacb1a00) 
thrown [e:\jenkins\tmp\workspace\build\src\src\hotspot\share\interpreter\linkResolver.cpp, line 766]
Event: 1369.529 Thread 0x0000026411aa9870 Implicit null exception at 0x0000026407c8ef76 to 0x0000026407c8f434
Event: 1369.606 Thread 0x0000026411aa9870 Implicit null exception at 0x0000026407cd6ae5 to 0x0000026407cd6bb0
Event: 1370.075 Thread 0x0000026411aa9870 Exception <a 'java/io/FileNotFoundException'{0x00000000eac07c90}> (0x00000000eac07c90) 
thrown [e:\jenkins\tmp\workspace\build\src\src\hotspot\share\prims\jni.cpp, line 516]
Event: 1370.075 Thread 0x0000026411aa9870 Exception <a 'java/io/FileNotFoundException'{0x00000000eac090d8}> (0x00000000eac090d8) 
thrown [e:\jenkins\tmp\workspace\build\src\src\hotspot\share\prims\jni.cpp, line 516]
Event: 1668.761 Thread 0x000002640fdd3ed0 Implicit null exception at 0x0000026407e12ce0 to 0x0000026407e130b8
Event: 1668.800 Thread 0x000002640fdd3ed0 Exception <a 'java/lang/NoSuchMethodError'{0x00000000eabf1100}: static [Lorg/eclipse/core/runtime/IPath;.<clinit>()V> (0x00000000eabf1100) 
thrown [e:\jenkins\tmp\workspace\build\src\src\hotspot\share\prims\jni.cpp, line 1107]
Event: 1668.803 Thread 0x000002640fdd3ed0 Exception <a 'java/lang/NoSuchMethodError'{0x00000000eabfbaa0}: static [J.<clinit>()V> (0x00000000eabfbaa0) 
thrown [e:\jenkins\tmp\workspace\build\src\src\hotspot\share\prims\jni.cpp, line 1107]
Event: 1668.825 Thread 0x000002640fdd3ed0 Exception <a 'java/lang/NoSuchMethodError'{0x00000000eac80f70}: 'java.lang.Object java.lang.invoke.DirectMethodHandle$Holder.newInvokeSpecial(java.lang.Object, java.lang.Object, java.lang.Object, java.lang.Object, java.lang.Object, java.lang.Object, java.lang.Object, java.lang.Object)'> (0x00000000eac80f70) 
thrown [e:\jenkins\tmp\workspace\build\src\src\hotspot\share\interpreter\linkResolver.cpp, line 766]
Event: 1668.826 Thread 0x000002640fdd3ed0 Exception <a 'java/lang/NoSuchMethodError'{0x00000000eac86290}: 'java.lang.Object java.lang.invoke.DirectMethodHandle$Holder.invokeSpecial(java.lang.Object, java.lang.Object, java.lang.Object, java.lang.Object, java.lang.Object, java.lang.Object, java.lang.Object, java.lang.Object, java.lang.Object)'> (0x00000000eac86290) 
thrown [e:\jenkins\tmp\workspace\build\src\src\hotspot\share\interpreter\linkResolver.cpp, line 766]
Event: 1668.826 Thread 0x000002640fdd3ed0 Exception <a 'java/lang/NoSuchMethodError'{0x00000000eac8afb8}: 'java.lang.Object java.lang.invoke.Invokers$Holder.linkToTargetMethod(java.lang.Object, java.lang.Object, java.lang.Object, java.lang.Object, java.lang.Object, java.lang.Object, java.lang.Object, java.lang.Object)'> (0x00000000eac8afb8) 
thrown [e:\jenkins\tmp\workspace\build\src\src\hotspot\share\interpreter\linkResolver.cpp, line 766]
Event: 2850.733 Thread 0x00000264143e7d30 Exception <a 'java/lang/NoSuchMethodError'{0x00000000eb018910}: 'java.lang.Object java.lang.invoke.DirectMethodHandle$Holder.newInvokeSpecial(java.lang.Object, java.lang.Object, int, java.lang.Object, java.lang.Object, java.lang.Object, java.lang.Object)'> (0x00000000eb018910) 
thrown [e:\jenkins\tmp\workspace\build\src\src\hotspot\share\interpreter\linkResolver.cpp, line 766]

VM Operations (20 events):
Event: 2851.364 Executing VM operation: ParallelGCFailedAllocation
Event: 2851.368 Executing VM operation: ParallelGCFailedAllocation done
Event: 2851.442 Executing VM operation: ParallelGCFailedAllocation
Event: 2851.443 Executing VM operation: ParallelGCFailedAllocation done
Event: 2851.482 Executing VM operation: ParallelGCFailedAllocation
Event: 2851.485 Executing VM operation: ParallelGCFailedAllocation done
Event: 2852.485 Executing VM operation: Cleanup
Event: 2852.485 Executing VM operation: Cleanup done
Event: 2854.420 Executing VM operation: ParallelGCFailedAllocation
Event: 2854.424 Executing VM operation: ParallelGCFailedAllocation done
Event: 2856.424 Executing VM operation: Cleanup
Event: 2856.424 Executing VM operation: Cleanup done
Event: 3499.702 Executing VM operation: ParallelGCFailedAllocation
Event: 3499.763 Executing VM operation: ParallelGCFailedAllocation done
Event: 3499.944 Executing VM operation: HandshakeAllThreads
Event: 3500.008 Executing VM operation: HandshakeAllThreads done
Event: 3500.008 Executing VM operation: ParallelGCFailedAllocation
Event: 3500.015 Executing VM operation: ParallelGCFailedAllocation done
Event: 3500.102 Executing VM operation: ParallelGCFailedAllocation
Event: 3500.143 Executing VM operation: ParallelGCFailedAllocation done

Events (20 events):
Event: 2851.074 Thread 0x00000264143e6520 Thread added: 0x00000264143e6520
Event: 2851.086 Thread 0x00000264168bc040 Thread added: 0x00000264168bc040
Event: 2853.665 Thread 0x00000264168bc040 Thread exited: 0x00000264168bc040
Event: 2853.993 Thread 0x00000264168bd480 Thread added: 0x00000264168bd480
Event: 2854.366 Thread 0x00000264168bd480 Thread exited: 0x00000264168bd480
Event: 2911.776 Thread 0x00000264143e6520 Thread exited: 0x00000264143e6520
Event: 2915.235 Thread 0x00000264143e7d30 Thread exited: 0x00000264143e7d30
Event: 2975.236 Thread 0x00000264143e7860 Thread exited: 0x00000264143e7860
Event: 3035.237 Thread 0x00000264143e86d0 Thread exited: 0x00000264143e86d0
Event: 3095.237 Thread 0x00000264143e3500 Thread exited: 0x00000264143e3500
Event: 3155.238 Thread 0x00000264143e8ba0 Thread exited: 0x00000264143e8ba0
Event: 3215.238 Thread 0x00000264143e2b60 Thread exited: 0x00000264143e2b60
Event: 3275.239 Thread 0x00000264143e2690 Thread exited: 0x00000264143e2690
Event: 3499.554 Thread 0x00000264143e6520 Thread added: 0x00000264143e6520
Event: 3499.564 Thread 0x00000264143e7d30 Thread added: 0x00000264143e7d30
Event: 3499.582 Thread 0x00000264143e7860 Thread added: 0x00000264143e7860
Event: 3499.591 Thread 0x00000264143e86d0 Thread added: 0x00000264143e86d0
Event: 3499.626 Thread 0x00000264168bc040 Thread added: 0x00000264168bc040
Event: 3499.642 Thread 0x00000264168bedd0 Thread added: 0x00000264168bedd0
Event: 3500.046 Thread 0x000002647f9b9300 flushing nmethod 0x0000026407b96590


Dynamic libraries:
0x00007ff7bd510000 - 0x00007ff7bd51e000 	c:\Users\nmoso\.vscode\extensions\redhat.java-1.7.0-win32-x64\jre\17.0.3-win32-x86_64\bin\java.exe
0x00007ffe60750000 - 0x00007ffe60945000 	C:\WINDOWS\SYSTEM32\ntdll.dll
0x00007ffe5e7a0000 - 0x00007ffe5e85d000 	C:\WINDOWS\System32\KERNEL32.DLL
0x00007ffe5e120000 - 0x00007ffe5e3ed000 	C:\WINDOWS\System32\KERNELBASE.dll
0x00007ffe5b520000 - 0x00007ffe5b5b0000 	C:\WINDOWS\SYSTEM32\apphelp.dll
0x00007ffe5e020000 - 0x00007ffe5e120000 	C:\WINDOWS\System32\ucrtbase.dll
0x00007ffe3a110000 - 0x00007ffe3a129000 	c:\Users\nmoso\.vscode\extensions\redhat.java-1.7.0-win32-x64\jre\17.0.3-win32-x86_64\bin\VCRUNTIME140.dll
0x00007ffe43510000 - 0x00007ffe43528000 	c:\Users\nmoso\.vscode\extensions\redhat.java-1.7.0-win32-x64\jre\17.0.3-win32-x86_64\bin\jli.dll
0x00007ffe5f970000 - 0x00007ffe5fb10000 	C:\WINDOWS\System32\USER32.dll
0x00007ffe5e770000 - 0x00007ffe5e792000 	C:\WINDOWS\System32\win32u.dll
0x00007ffe443e0000 - 0x00007ffe4467a000 	C:\WINDOWS\WinSxS\amd64_microsoft.windows.common-controls_6595b64144ccf1df_6.0.19041.1110_none_60b5254171f9507e\COMCTL32.dll
0x00007ffe5e930000 - 0x00007ffe5e95a000 	C:\WINDOWS\System32\GDI32.dll
0x00007ffe604b0000 - 0x00007ffe6054e000 	C:\WINDOWS\System32\msvcrt.dll
0x00007ffe5e480000 - 0x00007ffe5e58b000 	C:\WINDOWS\System32\gdi32full.dll
0x00007ffe5ded0000 - 0x00007ffe5df6d000 	C:\WINDOWS\System32\msvcp_win.dll
0x00007ffe606e0000 - 0x00007ffe60710000 	C:\WINDOWS\System32\IMM32.DLL
0x00007ffe597a0000 - 0x00007ffe597ac000 	c:\Users\nmoso\.vscode\extensions\redhat.java-1.7.0-win32-x64\jre\17.0.3-win32-x86_64\bin\vcruntime140_1.dll
0x00007ffe256b0000 - 0x00007ffe25741000 	c:\Users\nmoso\.vscode\extensions\redhat.java-1.7.0-win32-x64\jre\17.0.3-win32-x86_64\bin\msvcp140.dll
0x00007ffdd8da0000 - 0x00007ffdd99e8000 	c:\Users\nmoso\.vscode\extensions\redhat.java-1.7.0-win32-x64\jre\17.0.3-win32-x86_64\bin\server\jvm.dll
0x00007ffe5e860000 - 0x00007ffe5e90e000 	C:\WINDOWS\System32\ADVAPI32.dll
0x00007ffe5f8d0000 - 0x00007ffe5f96c000 	C:\WINDOWS\System32\sechost.dll
0x00007ffe5eaf0000 - 0x00007ffe5ec15000 	C:\WINDOWS\System32\RPCRT4.dll
0x00007ffe5f5f0000 - 0x00007ffe5f5f8000 	C:\WINDOWS\System32\PSAPI.DLL
0x00007ffe42f10000 - 0x00007ffe42f19000 	C:\WINDOWS\SYSTEM32\WSOCK32.dll
0x00007ffe3c970000 - 0x00007ffe3c997000 	C:\WINDOWS\SYSTEM32\WINMM.dll
0x00007ffe5f660000 - 0x00007ffe5f6cb000 	C:\WINDOWS\System32\WS2_32.dll
0x00007ffe5caf0000 - 0x00007ffe5cafa000 	C:\WINDOWS\SYSTEM32\VERSION.dll
0x00007ffe5bbe0000 - 0x00007ffe5bbf2000 	C:\WINDOWS\SYSTEM32\kernel.appcore.dll
0x00007ffe421e0000 - 0x00007ffe421ea000 	c:\Users\nmoso\.vscode\extensions\redhat.java-1.7.0-win32-x64\jre\17.0.3-win32-x86_64\bin\jimage.dll
0x00007ffe52f50000 - 0x00007ffe53134000 	C:\WINDOWS\SYSTEM32\DBGHELP.DLL
0x00007ffe405f0000 - 0x00007ffe4061c000 	C:\WINDOWS\SYSTEM32\dbgcore.DLL
0x00007ffe5e3f0000 - 0x00007ffe5e472000 	C:\WINDOWS\System32\bcryptPrimitives.dll
0x00007ffe2eae0000 - 0x00007ffe2eb05000 	c:\Users\nmoso\.vscode\extensions\redhat.java-1.7.0-win32-x64\jre\17.0.3-win32-x86_64\bin\java.dll
0x00007ffe36c70000 - 0x00007ffe36c88000 	c:\Users\nmoso\.vscode\extensions\redhat.java-1.7.0-win32-x64\jre\17.0.3-win32-x86_64\bin\zip.dll
0x00007ffe5edd0000 - 0x00007ffe5f514000 	C:\WINDOWS\System32\SHELL32.dll
0x00007ffe5bde0000 - 0x00007ffe5c574000 	C:\WINDOWS\SYSTEM32\windows.storage.dll
0x00007ffe600c0000 - 0x00007ffe60414000 	C:\WINDOWS\System32\combase.dll
0x00007ffe5d710000 - 0x00007ffe5d73c000 	C:\WINDOWS\SYSTEM32\Wldp.dll
0x00007ffe605b0000 - 0x00007ffe6065d000 	C:\WINDOWS\System32\SHCORE.dll
0x00007ffe5f860000 - 0x00007ffe5f8b5000 	C:\WINDOWS\System32\shlwapi.dll
0x00007ffe5dda0000 - 0x00007ffe5ddbf000 	C:\WINDOWS\SYSTEM32\profapi.dll
0x00007ffe37410000 - 0x00007ffe37429000 	C:\Users\nmoso\.vscode\extensions\redhat.java-1.7.0-win32-x64\jre\17.0.3-win32-x86_64\bin\net.dll
0x00007ffe574b0000 - 0x00007ffe575ba000 	C:\WINDOWS\SYSTEM32\WINHTTP.dll
0x00007ffe5d4f0000 - 0x00007ffe5d55a000 	C:\WINDOWS\system32\mswsock.dll
0x00007ffe2fd30000 - 0x00007ffe2fd45000 	C:\Users\nmoso\.vscode\extensions\redhat.java-1.7.0-win32-x64\jre\17.0.3-win32-x86_64\bin\nio.dll
0x00007ffe5d750000 - 0x00007ffe5d768000 	C:\WINDOWS\SYSTEM32\CRYPTSP.dll
0x00007ffe5ce90000 - 0x00007ffe5cec4000 	C:\WINDOWS\system32\rsaenh.dll
0x00007ffe5e590000 - 0x00007ffe5e5b7000 	C:\WINDOWS\System32\bcrypt.dll
0x00007ffe5dd20000 - 0x00007ffe5dd4e000 	C:\WINDOWS\SYSTEM32\USERENV.dll
0x00007ffe5d680000 - 0x00007ffe5d68c000 	C:\WINDOWS\SYSTEM32\CRYPTBASE.dll
0x00007ffe5d200000 - 0x00007ffe5d23b000 	C:\WINDOWS\SYSTEM32\IPHLPAPI.DLL
0x00007ffe5ea80000 - 0x00007ffe5ea88000 	C:\WINDOWS\System32\NSI.dll
0x00007ffe55b10000 - 0x00007ffe55b27000 	C:\WINDOWS\SYSTEM32\dhcpcsvc6.DLL
0x00007ffe54f30000 - 0x00007ffe54f4d000 	C:\WINDOWS\SYSTEM32\dhcpcsvc.DLL
0x00007ffe5d240000 - 0x00007ffe5d30b000 	C:\WINDOWS\SYSTEM32\DNSAPI.dll
0x00007ffe243a0000 - 0x00007ffe243de000 	C:\Users\nmoso\AppData\Roaming\Code\User\globalStorage\redhat.java\1.7.0\config_win\org.eclipse.equinox.launcher\org.eclipse.equinox.launcher.win32.win32.x86_64_1.2.400.v20211117-0650\eclipse_11602.dll
0x00007ffe5ff90000 - 0x00007ffe600ba000 	C:\WINDOWS\System32\ole32.dll
0x00007ffe59860000 - 0x00007ffe59870000 	c:\Users\nmoso\.vscode\extensions\redhat.java-1.7.0-win32-x64\jre\17.0.3-win32-x86_64\bin\verify.dll
0x00007ffe24350000 - 0x00007ffe24394000 	C:\Users\nmoso\AppData\Local\Temp\jna-1868673313\jna5789540497812325091.dll

dbghelp: loaded successfully - version: 4.0.5 - missing functions: none
symbol engine: initialized successfully - sym options: 0x614 - pdb path: .;c:\Users\nmoso\.vscode\extensions\redhat.java-1.7.0-win32-x64\jre\17.0.3-win32-x86_64\bin;C:\WINDOWS\SYSTEM32;C:\WINDOWS\WinSxS\amd64_microsoft.windows.common-controls_6595b64144ccf1df_6.0.19041.1110_none_60b5254171f9507e;c:\Users\nmoso\.vscode\extensions\redhat.java-1.7.0-win32-x64\jre\17.0.3-win32-x86_64\bin\server;C:\Users\nmoso\AppData\Roaming\Code\User\globalStorage\redhat.java\1.7.0\config_win\org.eclipse.equinox.launcher\org.eclipse.equinox.launcher.win32.win32.x86_64_1.2.400.v20211117-0650;C:\Users\nmoso\AppData\Local\Temp\jna-1868673313

VM Arguments:
jvm_args: --add-modules=ALL-SYSTEM --add-opens=java.base/java.util=ALL-UNNAMED --add-opens=java.base/java.lang=ALL-UNNAMED --add-opens=java.base/sun.nio.fs=ALL-UNNAMED -Declipse.application=org.eclipse.jdt.ls.core.id1 -Dosgi.bundles.defaultStartLevel=4 -Declipse.product=org.eclipse.jdt.ls.core.product -Djava.import.generatesMetadataFilesAtProjectRoot=false -Dfile.encoding=utf8 -DwatchParentProcess=false -XX:+UseParallelGC -XX:GCTimeRatio=4 -XX:AdaptiveSizePolicyWeight=90 -Dsun.zip.disableMemoryMapping=true -Xmx1G -Xms100m -XX:+HeapDumpOnOutOfMemoryError -XX:HeapDumpPath=c:\Users\nmoso\AppData\Roaming\Code\User\workspaceStorage\9490f6eaa69746b314a24bcabdaee6e5\redhat.java 
java_command: c:\Users\nmoso\.vscode\extensions\redhat.java-1.7.0-win32-x64\server\plugins\org.eclipse.equinox.launcher_1.6.400.v20210924-0641.jar -configuration c:\Users\nmoso\AppData\Roaming\Code\User\globalStorage\redhat.java\1.7.0\config_win -data c:\Users\nmoso\AppData\Roaming\Code\User\workspaceStorage\9490f6eaa69746b314a24bcabdaee6e5\redhat.java\jdt_ws
java_class_path (initial): c:\Users\nmoso\.vscode\extensions\redhat.java-1.7.0-win32-x64\server\plugins\org.eclipse.equinox.launcher_1.6.400.v20210924-0641.jar
Launcher Type: SUN_STANDARD

[Global flags]
    uintx AdaptiveSizePolicyWeight                 = 90                                        {product} {command line}
     intx CICompilerCount                          = 4                                         {product} {ergonomic}
    uintx GCTimeRatio                              = 4                                         {product} {command line}
     bool HeapDumpOnOutOfMemoryError               = true                                   {manageable} {command line}
    ccstr HeapDumpPath                             = c:\Users\nmoso\AppData\Roaming\Code\User\workspaceStorage\9490f6eaa69746b314a24bcabdaee6e5\redhat.java         {manageable} {command line}
   size_t InitialHeapSize                          = 104857600                                 {product} {command line}
   size_t MaxHeapSize                              = 1073741824                                {product} {command line}
   size_t MaxNewSize                               = 357564416                                 {product} {ergonomic}
   size_t MinHeapDeltaBytes                        = 524288                                    {product} {ergonomic}
   size_t MinHeapSize                              = 104857600                                 {product} {command line}
   size_t NewSize                                  = 34603008                                  {product} {ergonomic}
    uintx NonNMethodCodeHeapSize                   = 5839372                                {pd product} {ergonomic}
    uintx NonProfiledCodeHeapSize                  = 122909434                              {pd product} {ergonomic}
   size_t OldSize                                  = 70254592                                  {product} {ergonomic}
    uintx ProfiledCodeHeapSize                     = 122909434                              {pd product} {ergonomic}
    uintx ReservedCodeCacheSize                    = 251658240                              {pd product} {ergonomic}
     bool SegmentedCodeCache                       = true                                      {product} {ergonomic}
   size_t SoftMaxHeapSize                          = 1073741824                             {manageable} {ergonomic}
     bool UseCompressedClassPointers               = true                           {product lp64_product} {ergonomic}
     bool UseCompressedOops                        = true                           {product lp64_product} {ergonomic}
     bool UseLargePagesIndividualAllocation        = false                                  {pd product} {ergonomic}
     bool UseParallelGC                            = true                                      {product} {command line}

Logging:
Log output configuration:
 #0: stdout all=warning uptime,level,tags
 #1: stderr all=off uptime,level,tags

Environment Variables:
JAVA_HOME=C:\Program Files\Java\jdk1.8.0_202
PATH=C:\Program Files (x86)\Common Files\Oracle\Java\javapath;C:\Python310\Scripts\;C:\Python310\;C:\WINDOWS\system32;C:\WINDOWS;C:\WINDOWS\System32\Wbem;C:\WINDOWS\System32\WindowsPowerShell\v1.0\;C:\WINDOWS\System32\OpenSSH\;C:\Program Files (x86)\Intel\Intel(R) Management Engine Components\DAL;C:\Program Files\Intel\Intel(R) Management Engine Components\DAL;C:\HashiCorp\Vagrant\bin;C:\Program Files\PuTTY\;C:\Program Files\Git\cmd;C:\Program Files\dotnet\;C:\Program Files\Docker\Docker\resources\bin;C:\ProgramData\DockerDesktop\version-bin;C:\Program Files\Java\jdk1.8.0_202\bin;C:\Program Files\nodejs\;C:\Program Files\Microsoft SQL Server\Client SDK\ODBC\170\Tools\Binn\;C:\Program Files (x86)\Microsoft SQL Server\150\Tools\Binn\;C:\Program Files\Microsoft SQL Server\150\Tools\Binn\;C:\Program Files\Microsoft SQL Server\150\DTS\Binn\;C:\Program Files\MySQL\MySQL Shell 8.0\bin\;C:\Users\nmoso\AppData\Local\Microsoft\WindowsApps;C:\Program Files\JetBrains\IntelliJ IDEA 2020.2.3\JB\IntelliJ IDEA 2020.2.3\bin;;C:\Users\nmoso\AppData\Local\GitHubDesktop\bin;C:\Users\nmoso\AppData\Local\Programs\Microsoft VS Code\bin;C:\Users\nmoso\.dotnet\tools;C:\Users\nmoso\AppData\Local\Programs\MiKTeX\miktex\bin\x64\;C:\opt\apache-maven-3.8.5\bin;C:\Users\nmoso\AppData\Roaming\npm;
USERNAME=Setetemela
OS=Windows_NT
PROCESSOR_IDENTIFIER=Intel64 Family 6 Model 142 Stepping 12, GenuineIntel



---------------  S Y S T E M  ---------------

OS:
 Windows 10 , 64 bit Build 19041 (10.0.19041.1706)
OS uptime: 16 days 17:31 hours
Hyper-V role detected

CPU: total 8 (initial active 8) (4 cores per cpu, 2 threads per core) family 6 model 142 stepping 12 microcode 0xf0, cx8, cmov, fxsr, ht, mmx, 3dnowpref, sse, sse2, sse3, ssse3, sse4.1, sse4.2, popcnt, lzcnt, tsc, tscinvbit, avx, avx2, aes, erms, clmul, bmi1, bmi2, adx, fma, vzeroupper, clflush, clflushopt, hv

Memory: 4k page, system-wide physical 16254M (616M free)
TotalPageFile size 25310M (AvailPageFile size 2M)
current process WorkingSet (physical memory assigned to process): 154M, peak: 296M
current process commit charge ("private bytes"): 329M, peak: 350M

vm_info: OpenJDK 64-Bit Server VM (17.0.3+7) for windows-amd64 JRE (17.0.3+7), built on Apr 19 2022 16:55:35 by "" with MS VC++ 16.7 (VS2019)

END.
